<?xml version="1.0" encoding="UTF-8"?>
<!-- Generated by org.testng.reporters.JUnitReportReporter -->
<testsuite hostname="CELSYSNCR000070" failures="0" tests="1" name="day7.FakerDataGenerator" time="0.497" errors="0" timestamp="2023-11-17T08:23:43 IST" skipped="0">
  <testcase classname="day7.FakerDataGenerator" name="testGenerateDummyData" time="0.497"/>
</testsuite> <!-- day7.FakerDataGenerator -->
