<?xml version="1.0" encoding="UTF-8"?>
<!-- Generated by org.testng.reporters.JUnitReportReporter -->
<testsuite hostname="CELSYSNCR000070" failures="0" tests="1" name="day4.ParsingJSONResponseData" time="4.466" errors="0" timestamp="2023-08-25T22:52:33 IST" skipped="0">
  <testcase classname="day4.ParsingJSONResponseData" name="testJsonResponseBodyData" time="4.466"/>
</testsuite> <!-- day4.ParsingJSONResponseData -->
