<?xml version="1.0" encoding="UTF-8"?>
<!-- Generated by org.testng.reporters.JUnitReportReporter -->
<testsuite hostname="CELSYSNCR000070" failures="0" tests="1" name="day3.PathAndQueryParameters" time="2.154" errors="0" timestamp="2023-08-06T21:28:53 IST" skipped="0">
  <testcase classname="day3.PathAndQueryParameters" name="testQueryAndPathParameters" time="2.154"/>
</testsuite> <!-- day3.PathAndQueryParameters -->
