<?xml version="1.0" encoding="UTF-8"?>
<!-- Generated by org.testng.reporters.JUnitReportReporter -->
<testsuite hostname="CELSYSNCR000070" failures="0" tests="1" name="day5.ParsingXMLResponse" time="3.165" errors="0" timestamp="2023-10-19T09:28:38 IST" skipped="0">
  <testcase classname="day5.ParsingXMLResponse" name="textXMLResponseBody" time="3.165"/>
</testsuite> <!-- day5.ParsingXMLResponse -->
