<?xml version="1.0" encoding="UTF-8"?>
<!-- Generated by org.testng.reporters.JUnitReportReporter -->
<testsuite hostname="CELSYSNCR000070" failures="0" tests="4" name="day1.HTTPRequests" time="5.877" errors="0" timestamp="2023-07-26T09:29:12 IST" skipped="0">
  <testcase classname="day1.HTTPRequests" name="getUsers" time="3.336"/>
  <testcase classname="day1.HTTPRequests" name="createUser" time="1.230"/>
  <testcase classname="day1.HTTPRequests" name="updateUser" time="0.605"/>
  <testcase classname="day1.HTTPRequests" name="deleteUser" time="0.706"/>
</testsuite> <!-- day1.HTTPRequests -->
