<?xml version="1.0" encoding="UTF-8"?>
<!-- Generated by org.testng.reporters.JUnitReportReporter -->
<testsuite hostname="CELSYSNCR000070" failures="0" tests="1" name="day3.LoggingDemo" time="1.718" errors="0" timestamp="2023-08-07T22:19:47 IST" skipped="0">
  <testcase classname="day3.LoggingDemo" name="testLogs" time="1.718"/>
</testsuite> <!-- day3.LoggingDemo -->
