<?xml version="1.0" encoding="UTF-8"?>
<!-- Generated by org.testng.reporters.JUnitReportReporter -->
<testsuite hostname="CELSYSNCR000070" failures="0" tests="4" name="day1.HTTPRequests" time="14.803" errors="0" timestamp="2023-07-25T23:09:18 IST" skipped="0">
  <testcase classname="day1.HTTPRequests" name="getUsers" time="7.015"/>
  <testcase classname="day1.HTTPRequests" name="createUser" time="4.530"/>
  <testcase classname="day1.HTTPRequests" name="updateUser" time="2.232"/>
  <testcase classname="day1.HTTPRequests" name="deleteUser" time="1.026"/>
</testsuite> <!-- day1.HTTPRequests -->
