<?xml version="1.0" encoding="UTF-8"?>
<!-- Generated by org.testng.reporters.JUnitReportReporter -->
<testsuite hostname="CELSYSNCR000070" failures="0" tests="1" name="day6.SerializationDeserialization" time="0.260" errors="0" timestamp="2023-11-03T09:17:09 IST" skipped="0">
  <testcase classname="day6.SerializationDeserialization" name="convertJson2Pojo" time="0.260"/>
</testsuite> <!-- day6.SerializationDeserialization -->
