<?xml version="1.0" encoding="UTF-8"?>
<!-- Generated by org.testng.reporters.JUnitReportReporter -->
<testsuite hostname="CELSYSNCR000070" failures="0" tests="1" name="day3.HeadersDemo" time="1.794" errors="0" timestamp="2023-08-07T22:08:26 IST" skipped="0">
  <testcase classname="day3.HeadersDemo" name="getHeaders" time="1.794"/>
</testsuite> <!-- day3.HeadersDemo -->
