<?xml version="1.0" encoding="UTF-8"?>
<!-- Generated by org.testng.reporters.JUnitReportReporter -->
<testsuite hostname="CELSYSNCR000070" failures="0" tests="2" name="day2.DiffWaysToCreatePostRequestBody" time="5.843" errors="0" timestamp="2023-08-04T23:00:05 IST" skipped="0">
  <testcase classname="day2.DiffWaysToCreatePostRequestBody" name="testPostusingExternalJsonFile" time="3.733"/>
  <testcase classname="day2.DiffWaysToCreatePostRequestBody" name="testDelete" time="2.110"/>
</testsuite> <!-- day2.DiffWaysToCreatePostRequestBody -->
