<?xml version="1.0" encoding="UTF-8"?>
<!-- Generated by org.testng.reporters.JUnitReportReporter -->
<testsuite hostname="CELSYSNCR000070" failures="0" tests="1" name="day3.CookiesDemo" time="2.191" errors="0" timestamp="2023-08-06T22:15:01 IST" skipped="0">
  <testcase classname="day3.CookiesDemo" name="getCookiesInfo" time="2.191"/>
</testsuite> <!-- day3.CookiesDemo -->
