<?xml version="1.0" encoding="UTF-8"?>
<!-- Generated by org.testng.reporters.JUnitReportReporter -->
<testsuite hostname="CELSYSNCR000070" failures="0" tests="1" name="day8.CreateUser" time="5.152" errors="0" timestamp="2023-11-24T11:13:57 IST" skipped="0">
  <testcase classname="day8.CreateUser" name="tes_createUser" time="5.152"/>
</testsuite> <!-- day8.CreateUser -->
