<?xml version="1.0" encoding="UTF-8"?>
<!-- Generated by org.testng.reporters.JUnitReportReporter -->
<testsuite hostname="CELSYSNCR000070" failures="0" tests="1" name="day5.ParsingXMLResponse" time="2.290" errors="0" timestamp="2023-08-29T21:22:34 IST" skipped="0">
  <testcase classname="day5.ParsingXMLResponse" name="textXMLResponseBody" time="2.290"/>
</testsuite> <!-- day5.ParsingXMLResponse -->
